<?xml version="1.0" encoding="UTF-8"?>
<testsuites name="jest tests" tests="5" failures="0" errors="0" time="53.479">
  <testsuite name="undefined" errors="0" failures="0" skipped="4" timestamp="2026-07-24T06:45:57" time="53.417" tests="5">
    <testcase classname=" A: Connection Setup" name=" A: Connection Setup" time="0">
      <skipped/>
    </testcase>
    <testcase classname=" B: Catalog &amp; Schema Discovery" name=" B: Catalog &amp; Schema Discovery" time="0">
      <skipped/>
    </testcase>
    <testcase classname=" C: Data Correctness" name=" C: Data Correctness" time="52.29">
    </testcase>
    <testcase classname=" D: Cache Behavior" name=" D: Cache Behavior" time="0">
      <skipped/>
    </testcase>
    <testcase classname=" F: Error Handling &amp; Edge Cases" name=" F: Error Handling &amp; Edge Cases" time="0">
      <skipped/>
    </testcase>
  </testsuite>
</testsuites>